<?xml version="1.0" encoding="UTF-8"?>
<testsuites name="Restful E-Commerce API Tests (QA)" tests="19" time="0.156">
  <testsuite name="01 - Health Check / GET /health - Server is up" id="3342043d-2050-4f2b-9131-bf615909bd65" timestamp="2026-05-21T13:10:44.202Z" tests="5" failures="0" errors="0" time="0.006">
    <testcase name="Global Check: No 5xx Server Error" time="0.006" classname="01HealthCheckGetHealthServerIsUp"/>
    <testcase name="Global Check: Response time &lt; 1000ms" time="0.006" classname="01HealthCheckGetHealthServerIsUp"/>
    <testcase name="Status code is 200" time="0.006" classname="01HealthCheckGetHealthServerIsUp"/>
    <testcase name="Has Content-Type header" time="0.006" classname="01HealthCheckGetHealthServerIsUp"/>
    <testcase name="Body has status field UP and Running" time="0.006" classname="01HealthCheckGetHealthServerIsUp"/>
  </testsuite>
  <testsuite name="02 - Auth / POST /auth - Valid credentials" id="ede772e9-7353-40fd-99f4-cfae1bdb0d9b" timestamp="2026-05-21T13:10:44.202Z" tests="4" failures="0" errors="0" time="0.006">
    <testcase name="Global Check: No 5xx Server Error" time="0.006" classname="02AuthPostAuthValidCredentials"/>
    <testcase name="Global Check: Response time &lt; 1000ms" time="0.006" classname="02AuthPostAuthValidCredentials"/>
    <testcase name="Status code is 201" time="0.006" classname="02AuthPostAuthValidCredentials"/>
    <testcase name="Response has token" time="0.006" classname="02AuthPostAuthValidCredentials"/>
  </testsuite>
  <testsuite name="02 - Auth / POST /auth - Wrong password" id="dc114798-6f9f-4b82-8285-6f5ff8319dc4" timestamp="2026-05-21T13:10:44.202Z" tests="4" failures="0" errors="0" time="0.009">
    <testcase name="Global Check: No 5xx Server Error" time="0.009" classname="02AuthPostAuthWrongPassword"/>
    <testcase name="Global Check: Response time &lt; 1000ms" time="0.009" classname="02AuthPostAuthWrongPassword"/>
    <testcase name="Status code is 401" time="0.009" classname="02AuthPostAuthWrongPassword"/>
    <testcase name="Error message is present" time="0.009" classname="02AuthPostAuthWrongPassword"/>
  </testsuite>
  <testsuite name="02 - Auth / POST /auth - Missing fields" id="f274724c-cef0-4201-9ddd-e1bc6855534c" timestamp="2026-05-21T13:10:44.202Z" tests="4" failures="0" errors="0" time="0.005">
    <testcase name="Global Check: No 5xx Server Error" time="0.005" classname="02AuthPostAuthMissingFields"/>
    <testcase name="Global Check: Response time &lt; 1000ms" time="0.005" classname="02AuthPostAuthMissingFields"/>
    <testcase name="Status code is 400" time="0.005" classname="02AuthPostAuthMissingFields"/>
    <testcase name="Error message is present" time="0.005" classname="02AuthPostAuthMissingFields"/>
  </testsuite>
  <testsuite name="03 - Orders - Happy Path (CRUD) / POST /addOrder - Create order" id="f3c8603e-5a36-4c58-8f81-df4169f418ce" timestamp="2026-05-21T13:10:44.202Z" tests="6" failures="0" errors="0" time="0.012">
    <testcase name="Global Check: No 5xx Server Error" time="0.012" classname="03OrdersHappyPathCrudPostAddOrderCreateOrder"/>
    <testcase name="Global Check: Response time &lt; 1000ms" time="0.012" classname="03OrdersHappyPathCrudPostAddOrderCreateOrder"/>
    <testcase name="Status code is 201" time="0.012" classname="03OrdersHappyPathCrudPostAddOrderCreateOrder"/>
    <testcase name="Response object contains message" time="0.012" classname="03OrdersHappyPathCrudPostAddOrderCreateOrder"/>
    <testcase name="ID is auto-assigned > 0" time="0.012" classname="03OrdersHappyPathCrudPostAddOrderCreateOrder"/>
    <testcase name="Business logic: total_amt > 0" time="0.012" classname="03OrdersHappyPathCrudPostAddOrderCreateOrder"/>
  </testsuite>
  <testsuite name="03 - Orders - Happy Path (CRUD) / GET /getAllOrders - Get all orders" id="5fe4010f-9687-4d6f-9bea-2bcdd71f65c6" timestamp="2026-05-21T13:10:44.202Z" tests="5" failures="0" errors="0" time="0.006">
    <testcase name="Global Check: No 5xx Server Error" time="0.006" classname="03OrdersHappyPathCrudGetGetAllOrdersGetAllOrders"/>
    <testcase name="Global Check: Response time &lt; 1000ms" time="0.006" classname="03OrdersHappyPathCrudGetGetAllOrdersGetAllOrders"/>
    <testcase name="Status code is 200" time="0.006" classname="03OrdersHappyPathCrudGetGetAllOrdersGetAllOrders"/>
    <testcase name="Response contains orders array" time="0.006" classname="03OrdersHappyPathCrudGetGetAllOrdersGetAllOrders"/>
    <testcase name="Array is not empty" time="0.006" classname="03OrdersHappyPathCrudGetGetAllOrdersGetAllOrders"/>
  </testsuite>
  <testsuite name="03 - Orders - Happy Path (CRUD) / PUT /updateOrder/:id - Full update" id="afe4fb90-f449-49b0-a591-e8a0069422fe" timestamp="2026-05-21T13:10:44.202Z" tests="4" failures="0" errors="0" time="0.010">
    <testcase name="Global Check: No 5xx Server Error" time="0.010" classname="03OrdersHappyPathCrudPutUpdateOrderIdFullUpdate"/>
    <testcase name="Global Check: Response time &lt; 1000ms" time="0.010" classname="03OrdersHappyPathCrudPutUpdateOrderIdFullUpdate"/>
    <testcase name="Status code is 200" time="0.010" classname="03OrdersHappyPathCrudPutUpdateOrderIdFullUpdate"/>
    <testcase name="Response reflects updated qty" time="0.010" classname="03OrdersHappyPathCrudPutUpdateOrderIdFullUpdate"/>
  </testsuite>
  <testsuite name="03 - Orders - Happy Path (CRUD) / PATCH /partialUpdateOrder/:id - Partial update" id="8c13eba2-a598-4ac2-bdfc-c5bb8049b4ab" timestamp="2026-05-21T13:10:44.202Z" tests="4" failures="0" errors="0" time="0.007">
    <testcase name="Global Check: No 5xx Server Error" time="0.007" classname="03OrdersHappyPathCrudPatchPartialUpdateOrderIdPartialUpdate"/>
    <testcase name="Global Check: Response time &lt; 1000ms" time="0.007" classname="03OrdersHappyPathCrudPatchPartialUpdateOrderIdPartialUpdate"/>
    <testcase name="Status code is 200" time="0.007" classname="03OrdersHappyPathCrudPatchPartialUpdateOrderIdPartialUpdate"/>
    <testcase name="Response reflects patched qty" time="0.007" classname="03OrdersHappyPathCrudPatchPartialUpdateOrderIdPartialUpdate"/>
  </testsuite>
  <testsuite name="04 - Persistence Checks / GET /getOrder - Verify PUT/PATCH persisted" id="9348dd4e-94df-47e5-9df6-05e5e65c0807" timestamp="2026-05-21T13:10:44.202Z" tests="6" failures="0" errors="0" time="0.009">
    <testcase name="Global Check: No 5xx Server Error" time="0.009" classname="04PersistenceChecksGetGetOrderVerifyPutPatchPersisted"/>
    <testcase name="Global Check: Response time &lt; 1000ms" time="0.009" classname="04PersistenceChecksGetGetOrderVerifyPutPatchPersisted"/>
    <testcase name="Status code is 200" time="0.009" classname="04PersistenceChecksGetGetOrderVerifyPutPatchPersisted"/>
    <testcase name="Returns orders array with 1 item" time="0.009" classname="04PersistenceChecksGetGetOrderVerifyPutPatchPersisted"/>
    <testcase name="Qty is updated to 5 (from PATCH)" time="0.009" classname="04PersistenceChecksGetGetOrderVerifyPutPatchPersisted"/>
    <testcase name="User ID is updated to usr_updated (from PUT)" time="0.009" classname="04PersistenceChecksGetGetOrderVerifyPutPatchPersisted"/>
  </testsuite>
  <testsuite name="04 - Persistence Checks / GET /getOrder - Filter by user_id" id="48cf54da-7b60-4800-ab8d-dc14faa5b4c3" timestamp="2026-05-21T13:10:44.202Z" tests="4" failures="0" errors="0" time="0.009">
    <testcase name="Global Check: No 5xx Server Error" time="0.009" classname="04PersistenceChecksGetGetOrderFilterByUserId"/>
    <testcase name="Global Check: Response time &lt; 1000ms" time="0.009" classname="04PersistenceChecksGetGetOrderFilterByUserId"/>
    <testcase name="Status code is 200" time="0.009" classname="04PersistenceChecksGetGetOrderFilterByUserId"/>
    <testcase name="Every item has correct user_id" time="0.009" classname="04PersistenceChecksGetGetOrderFilterByUserId"/>
  </testsuite>
  <testsuite name="04 - Persistence Checks / GET /getOrder - Ignore wrong casing" id="ebe23468-0c8b-4965-a633-7403359d6474" timestamp="2026-05-21T13:10:44.202Z" tests="4" failures="0" errors="0" time="0.013">
    <testcase name="Global Check: No 5xx Server Error" time="0.013" classname="04PersistenceChecksGetGetOrderIgnoreWrongCasing"/>
    <testcase name="Global Check: Response time &lt; 1000ms" time="0.013" classname="04PersistenceChecksGetGetOrderIgnoreWrongCasing"/>
    <testcase name="Status code is 200" time="0.013" classname="04PersistenceChecksGetGetOrderIgnoreWrongCasing"/>
    <testcase name="Param is ignored, returns all orders" time="0.013" classname="04PersistenceChecksGetGetOrderIgnoreWrongCasing"/>
  </testsuite>
  <testsuite name="05 - Orders - Negative Cases / POST /addOrder - Body is object not array" id="7e31a603-2c99-49ba-b76d-f2b548e2e806" timestamp="2026-05-21T13:10:44.202Z" tests="4" failures="0" errors="0" time="0.011">
    <testcase name="Global Check: No 5xx Server Error" time="0.011" classname="05OrdersNegativeCasesPostAddOrderBodyIsObjectNotArray"/>
    <testcase name="Global Check: Response time &lt; 1000ms" time="0.011" classname="05OrdersNegativeCasesPostAddOrderBodyIsObjectNotArray"/>
    <testcase name="Status code is 400" time="0.011" classname="05OrdersNegativeCasesPostAddOrderBodyIsObjectNotArray"/>
    <testcase name="Error message explains array requirement" time="0.011" classname="05OrdersNegativeCasesPostAddOrderBodyIsObjectNotArray"/>
  </testsuite>
  <testsuite name="05 - Orders - Negative Cases / GET /getOrder - Non-existent ID returns 404" id="07aff571-f912-47e2-b451-1c524cfae258" timestamp="2026-05-21T13:10:44.202Z" tests="4" failures="0" errors="0" time="0.004">
    <testcase name="Global Check: No 5xx Server Error" time="0.004" classname="05OrdersNegativeCasesGetGetOrderNonExistentIdReturns404"/>
    <testcase name="Global Check: Response time &lt; 1000ms" time="0.004" classname="05OrdersNegativeCasesGetGetOrderNonExistentIdReturns404"/>
    <testcase name="Status code is 404" time="0.004" classname="05OrdersNegativeCasesGetGetOrderNonExistentIdReturns404"/>
    <testcase name="Returns message indicating no order found" time="0.004" classname="05OrdersNegativeCasesGetGetOrderNonExistentIdReturns404"/>
  </testsuite>
  <testsuite name="05 - Orders - Negative Cases / DELETE /deleteOrder/:id - No token" id="2b0c8a39-27bb-4cc9-a09e-531522060dd9" timestamp="2026-05-21T13:10:44.202Z" tests="4" failures="0" errors="0" time="0.003">
    <testcase name="Global Check: No 5xx Server Error" time="0.003" classname="05OrdersNegativeCasesDeleteDeleteOrderIdNoToken"/>
    <testcase name="Global Check: Response time &lt; 1000ms" time="0.003" classname="05OrdersNegativeCasesDeleteDeleteOrderIdNoToken"/>
    <testcase name="Status code is 403" time="0.003" classname="05OrdersNegativeCasesDeleteDeleteOrderIdNoToken"/>
    <testcase name="Error message is present" time="0.003" classname="05OrdersNegativeCasesDeleteDeleteOrderIdNoToken"/>
  </testsuite>
  <testsuite name="05 - Orders - Negative Cases / PUT /updateOrder/:id - Invalid token" id="877dcb35-7b4f-4695-848f-b841a1b6fcbe" timestamp="2026-05-21T13:10:44.202Z" tests="4" failures="0" errors="0" time="0.005">
    <testcase name="Global Check: No 5xx Server Error" time="0.005" classname="05OrdersNegativeCasesPutUpdateOrderIdInvalidToken"/>
    <testcase name="Global Check: Response time &lt; 1000ms" time="0.005" classname="05OrdersNegativeCasesPutUpdateOrderIdInvalidToken"/>
    <testcase name="Status code is 400" time="0.005" classname="05OrdersNegativeCasesPutUpdateOrderIdInvalidToken"/>
    <testcase name="Error message about token is present" time="0.005" classname="05OrdersNegativeCasesPutUpdateOrderIdInvalidToken"/>
  </testsuite>
  <testsuite name="06 - Image Upload / POST /imageUpload - Attach image manually" id="d03bf9cb-c5d1-468e-8ae2-3331b94e525e" timestamp="2026-05-21T13:10:44.202Z" tests="2" failures="0" errors="0" time="0.012">
    <testcase name="Global Check: No 5xx Server Error" time="0.012" classname="06ImageUploadPostImageUploadAttachImageManually"/>
    <testcase name="Global Check: Response time &lt; 1000ms" time="0.012" classname="06ImageUploadPostImageUploadAttachImageManually"/>
  </testsuite>
  <testsuite name="07 - Cleanup / DELETE /deleteOrder/:id - Delete test order" id="2d0f48cc-9a14-463a-9dfe-c4bcdbf41b12" timestamp="2026-05-21T13:10:44.202Z" tests="3" failures="0" errors="0" time="0.009">
    <testcase name="Global Check: No 5xx Server Error" time="0.009" classname="07CleanupDeleteDeleteOrderIdDeleteTestOrder"/>
    <testcase name="Global Check: Response time &lt; 1000ms" time="0.009" classname="07CleanupDeleteDeleteOrderIdDeleteTestOrder"/>
    <testcase name="Status is 200 or 204" time="0.009" classname="07CleanupDeleteDeleteOrderIdDeleteTestOrder"/>
  </testsuite>
  <testsuite name="07 - Cleanup / GET /getOrder - Verify Delete persisted" id="55c43040-7c26-4897-a5b0-b371042b6832" timestamp="2026-05-21T13:10:44.202Z" tests="4" failures="0" errors="0" time="0.006">
    <testcase name="Global Check: No 5xx Server Error" time="0.006" classname="07CleanupGetGetOrderVerifyDeletePersisted"/>
    <testcase name="Global Check: Response time &lt; 1000ms" time="0.006" classname="07CleanupGetGetOrderVerifyDeletePersisted"/>
    <testcase name="Status code is 404 (Not found after delete)" time="0.006" classname="07CleanupGetGetOrderVerifyDeletePersisted"/>
    <testcase name="Returns message indicating no order found" time="0.006" classname="07CleanupGetGetOrderVerifyDeletePersisted"/>
  </testsuite>
  <testsuite name="07 - Cleanup / DELETE /deleteAllOrders - Wipe all" id="d5854fc5-784c-4f8f-8885-b2b343beaa4b" timestamp="2026-05-21T13:10:44.202Z" tests="4" failures="0" errors="0" time="0.008">
    <testcase name="Global Check: No 5xx Server Error" time="0.008" classname="07CleanupDeleteDeleteAllOrdersWipeAll"/>
    <testcase name="Global Check: Response time &lt; 1000ms" time="0.008" classname="07CleanupDeleteDeleteAllOrdersWipeAll"/>
    <testcase name="Status code is 204 or 404 (if already empty)" time="0.008" classname="07CleanupDeleteDeleteAllOrdersWipeAll"/>
    <testcase name="Cleanup Collection Variables" time="0.008" classname="07CleanupDeleteDeleteAllOrdersWipeAll"/>
  </testsuite>
</testsuites>